# JRE version: OpenJDK Runtime Environment (7.0_55-b14) (build 1.7.0_55-b14)
# Java VM: OpenJDK 64-Bit Server VM (24.51-b03 mixed mode linux-amd64 compressed oops)
Heap
 PSYoungGen      total 79872K, used 3631K [0x00000000eb600000, 0x00000000fb780000, 0x0000000100000000)
  eden space 77824K, 4% used [0x00000000eb600000,0x00000000eb973de0,0x00000000f0200000)
  from space 2048K, 4% used [0x00000000fb380000,0x00000000fb398000,0x00000000fb580000)
  to   space 1536K, 0% used [0x00000000fb600000,0x00000000fb600000,0x00000000fb780000)
 ParOldGen       total 41984K, used 27778K [0x00000000c2200000, 0x00000000c4b00000, 0x00000000eb600000)
  object space 41984K, 66% used [0x00000000c2200000,0x00000000c3d20bf8,0x00000000c4b00000)
 PSPermGen       total 25088K, used 24974K [0x00000000b7c00000, 0x00000000b9480000, 0x00000000c2200000)
  object space 25088K, 99% used [0x00000000b7c00000,0x00000000b9463a10,0x00000000b9480000)
GC Heap History (10 events):
Event: 6416,393 GC heap before
{Heap before GC invocations=43 (full 0):
 PSYoungGen      total 95232K, used 94752K [0x00000000eb600000, 0x00000000fba80000, 0x0000000100000000)
  eden space 94720K, 100% used [0x00000000eb600000,0x00000000f1280000,0x00000000f1280000)
  from space 512K, 6% used [0x00000000fba00000,0x00000000fba08000,0x00000000fba80000)
  to   space 2560K, 0% used [0x00000000fb580000,0x00000000fb580000,0x00000000fb800000)
 ParOldGen       total 41984K, used 27778K [0x00000000c2200000, 0x00000000c4b00000, 0x00000000eb600000)
  object space 41984K, 66% used [0x00000000c2200000,0x00000000c3d20bf8,0x00000000c4b00000)
 PSPermGen       total 25088K, used 24972K [0x00000000b7c00000, 0x00000000b9480000, 0x00000000c2200000)
  object space 25088K, 99% used [0x00000000b7c00000,0x00000000b94631d8,0x00000000b9480000)
Event: 6416,399 GC heap after
Heap after GC invocations=43 (full 0):
 PSYoungGen      total 93696K, used 96K [0x00000000eb600000, 0x00000000fba80000, 0x0000000100000000)
  eden space 91136K, 0% used [0x00000000eb600000,0x00000000eb600000,0x00000000f0f00000)
  from space 2560K, 3% used [0x00000000fb580000,0x00000000fb598000,0x00000000fb800000)
  to   space 2048K, 0% used [0x00000000fb880000,0x00000000fb880000,0x00000000fba80000)
 ParOldGen       total 41984K, used 27778K [0x00000000c2200000, 0x00000000c4b00000, 0x00000000eb600000)
  object space 41984K, 66% used [0x00000000c2200000,0x00000000c3d20bf8,0x00000000c4b00000)
 PSPermGen       total 25088K, used 24972K [0x00000000b7c00000, 0x00000000b9480000, 0x00000000c2200000)
  object space 25088K, 99% used [0x00000000b7c00000,0x00000000b94631d8,0x00000000b9480000)
}
Event: 6527,261 GC heap before
{Heap before GC invocations=44 (full 0):
 PSYoungGen      total 93696K, used 91232K [0x00000000eb600000, 0x00000000fba80000, 0x0000000100000000)
  eden space 91136K, 100% used [0x00000000eb600000,0x00000000f0f00000,0x00000000f0f00000)
  from space 2560K, 3% used [0x00000000fb580000,0x00000000fb598000,0x00000000fb800000)
  to   space 2048K, 0% used [0x00000000fb880000,0x00000000fb880000,0x00000000fba80000)
 ParOldGen       total 41984K, used 27778K [0x00000000c2200000, 0x00000000c4b00000, 0x00000000eb600000)
  object space 41984K, 66% used [0x00000000c2200000,0x00000000c3d20bf8,0x00000000c4b00000)
 PSPermGen       total 25088K, used 24972K [0x00000000b7c00000, 0x00000000b9480000, 0x00000000c2200000)
  object space 25088K, 99% used [0x00000000b7c00000,0x00000000b94631d8,0x00000000b9480000)
Event: 6527,268 GC heap after
Heap after GC invocations=44 (full 0):
 PSYoungGen      total 88064K, used 0K [0x00000000eb600000, 0x00000000fb900000, 0x0000000100000000)
  eden space 87552K, 0% used [0x00000000eb600000,0x00000000eb600000,0x00000000f0b80000)
  from space 512K, 0% used [0x00000000fb880000,0x00000000fb880000,0x00000000fb900000)
  to   space 2048K, 0% used [0x00000000fb500000,0x00000000fb500000,0x00000000fb700000)
 ParOldGen       total 41984K, used 27778K [0x00000000c2200000, 0x00000000c4b00000, 0x00000000eb600000)
  object space 41984K, 66% used [0x00000000c2200000,0x00000000c3d20bf8,0x00000000c4b00000)
 PSPermGen       total 25088K, used 24972K [0x00000000b7c00000, 0x00000000b9480000, 0x00000000c2200000)
  object space 25088K, 99% used [0x00000000b7c00000,0x00000000b94631d8,0x00000000b9480000)
}
Event: 6633,806 GC heap before
{Heap before GC invocations=45 (full 0):
 PSYoungGen      total 88064K, used 87552K [0x00000000eb600000, 0x00000000fb900000, 0x0000000100000000)
  eden space 87552K, 100% used [0x00000000eb600000,0x00000000f0b80000,0x00000000f0b80000)
  from space 512K, 0% used [0x00000000fb880000,0x00000000fb880000,0x00000000fb900000)
  to   space 2048K, 0% used [0x00000000fb500000,0x00000000fb500000,0x00000000fb700000)
 ParOldGen       total 41984K, used 27778K [0x00000000c2200000, 0x00000000c4b00000, 0x00000000eb600000)
  object space 41984K, 66% used [0x00000000c2200000,0x00000000c3d20bf8,0x00000000c4b00000)
 PSPermGen       total 25088K, used 24972K [0x00000000b7c00000, 0x00000000b9480000, 0x00000000c2200000)
  object space 25088K, 99% used [0x00000000b7c00000,0x00000000b94631d8,0x00000000b9480000)
Event: 6633,812 GC heap after
Heap after GC invocations=45 (full 0):
 PSYoungGen      total 86016K, used 64K [0x00000000eb600000, 0x00000000fb900000, 0x0000000100000000)
  eden space 83968K, 0% used [0x00000000eb600000,0x00000000eb600000,0x00000000f0800000)
  from space 2048K, 3% used [0x00000000fb500000,0x00000000fb510000,0x00000000fb700000)
  to   space 2048K, 0% used [0x00000000fb700000,0x00000000fb700000,0x00000000fb900000)
 ParOldGen       total 41984K, used 27778K [0x00000000c2200000, 0x00000000c4b00000, 0x00000000eb600000)
  object space 41984K, 66% used [0x00000000c2200000,0x00000000c3d20bf8,0x00000000c4b00000)
 PSPermGen       total 25088K, used 24972K [0x00000000b7c00000, 0x00000000b9480000, 0x00000000c2200000)
  object space 25088K, 99% used [0x00000000b7c00000,0x00000000b94631d8,0x00000000b9480000)
}
Event: 6736,397 GC heap before
{Heap before GC invocations=46 (full 0):
 PSYoungGen      total 86016K, used 84032K [0x00000000eb600000, 0x00000000fb900000, 0x0000000100000000)
  eden space 83968K, 100% used [0x00000000eb600000,0x00000000f0800000,0x00000000f0800000)
  from space 2048K, 3% used [0x00000000fb500000,0x00000000fb510000,0x00000000fb700000)
  to   space 2048K, 0% used [0x00000000fb700000,0x00000000fb700000,0x00000000fb900000)
 ParOldGen       total 41984K, used 27778K [0x00000000c2200000, 0x00000000c4b00000, 0x00000000eb600000)
  object space 41984K, 66% used [0x00000000c2200000,0x00000000c3d20bf8,0x00000000c4b00000)
 PSPermGen       total 25088K, used 24972K [0x00000000b7c00000, 0x00000000b9480000, 0x00000000c2200000)
  object space 25088K, 99% used [0x00000000b7c00000,0x00000000b94631d8,0x00000000b9480000)
Event: 6736,403 GC heap after
Heap after GC invocations=46 (full 0):
 PSYoungGen      total 81408K, used 96K [0x00000000eb600000, 0x00000000fb780000, 0x0000000100000000)
  eden space 80896K, 0% used [0x00000000eb600000,0x00000000eb600000,0x00000000f0500000)
  from space 512K, 18% used [0x00000000fb700000,0x00000000fb718000,0x00000000fb780000)
  to   space 2048K, 0% used [0x00000000fb380000,0x00000000fb380000,0x00000000fb580000)
 ParOldGen       total 41984K, used 27778K [0x00000000c2200000, 0x00000000c4b00000, 0x00000000eb600000)
  object space 41984K, 66% used [0x00000000c2200000,0x00000000c3d20bf8,0x00000000c4b00000)
 PSPermGen       total 25088K, used 24972K [0x00000000b7c00000, 0x00000000b9480000, 0x00000000c2200000)
  object space 25088K, 99% used [0x00000000b7c00000,0x00000000b94631d8,0x00000000b9480000)
}
Event: 6867,947 GC heap before
{Heap before GC invocations=47 (full 0):
 PSYoungGen      total 81408K, used 80992K [0x00000000eb600000, 0x00000000fb780000, 0x0000000100000000)
  eden space 80896K, 100% used [0x00000000eb600000,0x00000000f0500000,0x00000000f0500000)
  from space 512K, 18% used [0x00000000fb700000,0x00000000fb718000,0x00000000fb780000)
  to   space 2048K, 0% used [0x00000000fb380000,0x00000000fb380000,0x00000000fb580000)
 ParOldGen       total 41984K, used 27778K [0x00000000c2200000, 0x00000000c4b00000, 0x00000000eb600000)
  object space 41984K, 66% used [0x00000000c2200000,0x00000000c3d20bf8,0x00000000c4b00000)
 PSPermGen       total 25088K, used 24972K [0x00000000b7c00000, 0x00000000b9480000, 0x00000000c2200000)
  object space 25088K, 99% used [0x00000000b7c00000,0x00000000b94631d8,0x00000000b9480000)
Event: 6867,953 GC heap after
Heap after GC invocations=47 (full 0):
 PSYoungGen      total 79872K, used 96K [0x00000000eb600000, 0x00000000fb780000, 0x0000000100000000)
  eden space 77824K, 0% used [0x00000000eb600000,0x00000000eb600000,0x00000000f0200000)
  from space 2048K, 4% used [0x00000000fb380000,0x00000000fb398000,0x00000000fb580000)
  to   space 1536K, 0% used [0x00000000fb600000,0x00000000fb600000,0x00000000fb780000)
 ParOldGen       total 41984K, used 27778K [0x00000000c2200000, 0x00000000c4b00000, 0x00000000eb600000)
  object space 41984K, 66% used [0x00000000c2200000,0x00000000c3d20bf8,0x00000000c4b00000)
 PSPermGen       total 25088K, used 24972K [0x00000000b7c00000, 0x00000000b9480000, 0x00000000c2200000)
  object space 25088K, 99% used [0x00000000b7c00000,0x00000000b94631d8,0x00000000b9480000)
}

